<?xml version="1.0" encoding="UTF-8" standalone="no"?><testsuite errors="0" failures="0" name="com.student.studentinfo.ProductCURDTestWithSteps" skipped="0" tests="4" time="6.93" timestamp="2025-02-16 09:19:25"><testcase classname="com.student.studentinfo.ProductCURDTestWithSteps" name="This will create a new product"/><testcase classname="com.student.studentinfo.ProductCURDTestWithSteps" name="verify if product is created"/><testcase classname="com.student.studentinfo.ProductCURDTestWithSteps" name="update the product information"/><testcase classname="com.student.studentinfo.ProductCURDTestWithSteps" name="Delete student info by StudentID and verify its deleted"/></testsuite>